vitamio_lib/build/outputs/logs/manifest-merger-debug-report.txt
-- Merging decision tree log ---
manifest
ADDED from Activity\vitamio_lib\AndroidManifest.xml:1:1-22:12
INJECTED from Activity\vitamio_lib\AndroidManifest.xml:1:1-22:12
INJECTED from Activity\vitamio_lib\AndroidManifest.xml:1:1-22:12
INJECTED from Activity\vitamio_lib\AndroidManifest.xml:1:1-22:12
INJECTED from Activity\vitamio_lib\AndroidManifest.xml:1:1-22:12
INJECTED from Activity\vitamio_lib\AndroidManifest.xml:1:1-22:12
INJECTED from Activity\vitamio_lib\AndroidManifest.xml:1:1-22:12
	package
		ADDED from Activity\vitamio_lib\AndroidManifest.xml:3:5-29
		INJECTED from Activity\vitamio_lib\AndroidManifest.xml
		INJECTED from Activity\vitamio_lib\AndroidManifest.xml
	android:versionName
		ADDED from Activity\vitamio_lib\AndroidManifest.xml:5:11-36
		INJECTED from Activity\vitamio_lib\AndroidManifest.xml
		INJECTED from Activity\vitamio_lib\AndroidManifest.xml
	xmlns:android
		ADDED from Activity\vitamio_lib\AndroidManifest.xml:1:11-69
	android:versionCode
		ADDED from Activity\vitamio_lib\AndroidManifest.xml:4:11-36
		INJECTED from Activity\vitamio_lib\AndroidManifest.xml
		INJECTED from Activity\vitamio_lib\AndroidManifest.xml
uses-sdk
ADDED from Activity\vitamio_lib\AndroidManifest.xml:7:5-9:44
INJECTED from Activity\vitamio_lib\AndroidManifest.xml:7:5-9:44
INJECTED from Activity\vitamio_lib\AndroidManifest.xml:7:5-9:44
INJECTED from Activity\vitamio_lib\AndroidManifest.xml:7:5-9:44
INJECTED from Activity\vitamio_lib\AndroidManifest.xml:7:5-9:44
	android:targetSdkVersion
		ADDED from Activity\vitamio_lib\AndroidManifest.xml:9:13-42
		INJECTED from Activity\vitamio_lib\AndroidManifest.xml
		INJECTED from Activity\vitamio_lib\AndroidManifest.xml
	android:minSdkVersion
		ADDED from Activity\vitamio_lib\AndroidManifest.xml:8:13-38
		INJECTED from Activity\vitamio_lib\AndroidManifest.xml
		INJECTED from Activity\vitamio_lib\AndroidManifest.xml
application
ADDED from Activity\vitamio_lib\AndroidManifest.xml:11:5-20:19
	android:label
		ADDED from Activity\vitamio_lib\AndroidManifest.xml:13:13-36
	android:icon
		ADDED from Activity\vitamio_lib\AndroidManifest.xml:12:13-49
activity#io.vov.vitamio.activity.InitActivity
ADDED from Activity\vitamio_lib\AndroidManifest.xml:14:9-19:66
	android:launchMode
		ADDED from Activity\vitamio_lib\AndroidManifest.xml:17:17-47
	android:windowSoftInputMode
		ADDED from Activity\vitamio_lib\AndroidManifest.xml:19:17-64
	android:configChanges
		ADDED from Activity\vitamio_lib\AndroidManifest.xml:16:17-117
	android:theme
		ADDED from Activity\vitamio_lib\AndroidManifest.xml:18:17-64
	android:name
		ADDED from Activity\vitamio_lib\AndroidManifest.xml:15:17-68